2022-11-08 16:30:06,256 - INFO - Start bot
2022-11-08 16:30:33,060 - INFO - Start bot
2022-11-08 16:35:10,017 - INFO - Start bot
2022-11-08 16:35:30,071 - INFO - rational_numbers
2022-11-08 16:35:32,355 - INFO - summa
2022-11-08 16:35:37,615 - INFO - ['3', '6']
2022-11-08 16:35:37,757 - INFO - 9
2022-11-08 16:42:41,505 - INFO - Start bot
2022-11-08 16:42:50,944 - INFO - ŒÎ¸„‡/ 5470448905/ rational_numbers
2022-11-08 16:42:52,426 - INFO - summa
2022-11-08 16:42:56,937 - INFO - ['3', '5']
2022-11-08 16:42:57,139 - INFO - 8
2022-11-08 16:48:27,233 - INFO - Start bot
2022-11-08 16:50:06,681 - INFO - –û–ª—å–≥–∞/ 5470448905/ rational_numbers
2022-11-08 16:50:18,278 - INFO - –û–ª—å–≥–∞/ 5470448905/ summa
2022-11-08 16:50:23,800 - INFO - –û–ª—å–≥–∞/ 5470448905/ ['4', '2']
2022-11-08 16:50:23,918 - INFO - –û–ª—å–≥–∞/ 5470448905/ 6
2022-11-08 16:50:23,919 - INFO - End bot
2022-11-08 16:52:32,537 - INFO - Start bot
2022-11-08 16:52:35,037 - INFO - –û–ª—å–≥–∞/ 5470448905/ rational_numbers
2022-11-08 16:52:36,642 - INFO - –û–ª—å–≥–∞/ 5470448905/ summa
2022-11-08 16:52:44,979 - INFO - –û–ª—å–≥–∞/ 5470448905/ numbers = ['56', '32']
2022-11-08 16:52:45,096 - INFO - –û–ª—å–≥–∞/ 5470448905/ result = 88
2022-11-08 16:52:45,097 - INFO - End bot
2022-11-08 16:54:08,712 - INFO - Start bot
2022-11-08 16:54:23,622 - INFO - –°–∞–≤–µ–ª–∏–π/ 179562643/ rational_numbers
2022-11-08 16:54:38,748 - INFO - –°–∞–≤–µ–ª–∏–π/ 179562643/ numbers = ['–í—ã—á–∏—Ç–∞–Ω–∏–µ']
2022-11-08 16:55:46,365 - INFO - –°–∞–≤–µ–ª–∏–π/ 179562643/ numbers = ['–í—ã—á–∏—Ç–∞–Ω–∏–µ']
2022-11-08 16:55:46,366 - INFO - –°–∞–≤–µ–ª–∏–π/ 179562643/ numbers = ['–í–æ–∑–≤–µ–¥–µ–Ω–∏–µ', '–≤', '—Å—Ç–µ–ø–µ–Ω—å']
2022-11-08 16:55:46,376 - INFO - –°–∞–≤–µ–ª–∏–π/ 179562643/ summa
2022-11-08 16:55:46,380 - INFO - –°–∞–≤–µ–ª–∏–π/ 179562643/ numbers = ['–£–º–Ω–æ–∂–µ–Ω–∏–µ']
2022-11-08 16:55:46,382 - INFO - –°–∞–≤–µ–ª–∏–π/ 179562643/ numbers = ['–ò–∑–≤–ª–µ—á–µ–Ω–∏–µ', '–∫–æ—Ä–Ω—è']
2022-11-08 16:55:46,384 - INFO - –°–∞–≤–µ–ª–∏–π/ 179562643/ numbers = ['–¶–µ–ª–æ—á–∏—Å–ª–µ–Ω–Ω–æ–µ', '–¥–µ–ª–µ–Ω–∏–µ']
2022-11-08 16:55:46,386 - INFO - –°–∞–≤–µ–ª–∏–π/ 179562643/ numbers = ['–û—Å—Ç–∞—Ç–æ–∫', '–æ—Ç', '–¥–µ–ª–µ–Ω–∏—è']
2022-11-08 16:55:53,447 - INFO - Start bot
2022-11-08 16:55:58,558 - INFO - Andrii/ 325719445/ rational_numbers
2022-11-08 16:56:01,323 - INFO - Andrii/ 325719445/ summa
2022-11-08 16:56:06,263 - INFO - Andrii/ 325719445/ numbers = ['2', '6']
2022-11-08 16:56:06,402 - INFO - Andrii/ 325719445/ result = 8
2022-11-08 16:56:06,403 - INFO - End bot
2022-11-08 16:56:11,055 - INFO - Start bot
2022-11-08 16:56:28,331 - INFO - –°–∞–≤–µ–ª–∏–π/ 179562643/ numbers = ['/help']
2022-11-08 16:57:21,034 - INFO - –°–∞–≤–µ–ª–∏–π/ 179562643/ numbers = ['/–ö–æ–º–ø–ª–µ–∫—Å–Ω—ã–µ', '—á–∏—Å–ª–∞']
2022-11-08 16:57:21,034 - INFO - –°–∞–≤–µ–ª–∏–π/ 179562643/ numbers = ['/–ö–æ–º–ø–ª–µ–∫—Å–Ω—ã–µ', '—á–∏—Å–ª–∞']
2022-11-08 16:57:24,115 - INFO - –°–∞–≤–µ–ª–∏–π/ 179562643/ rational_numbers
2022-11-08 16:57:26,908 - INFO - –°–∞–≤–µ–ª–∏–π/ 179562643/ summa
2022-11-08 16:57:32,736 - INFO - –°–∞–≤–µ–ª–∏–π/ 179562643/ numbers = ['3', '3']
2022-11-08 16:57:33,024 - INFO - –°–∞–≤–µ–ª–∏–π/ 179562643/ result = 6
2022-11-08 16:57:33,024 - INFO - End bot
2022-11-08 16:58:00,281 - INFO - Start bot
2022-11-08 16:58:03,865 - INFO - –°–∞–≤–µ–ª–∏–π/ 179562643/ rational_numbers
2022-11-08 16:58:05,780 - INFO - –°–∞–≤–µ–ª–∏–π/ 179562643/ summa
2022-11-08 16:58:12,843 - INFO - –°–∞–≤–µ–ª–∏–π/ 179562643/ numbers = ['5', '10']
2022-11-08 16:58:12,938 - INFO - –°–∞–≤–µ–ª–∏–π/ 179562643/ result = 15
2022-11-08 16:58:12,938 - INFO - End bot
